"../../../../../../Users/Luke/Desktop/LD_43/Project/LD43_RealProject/Content/Geometry/Meshes/CubeMaterial.uasset" 0
"../../../../../../Users/Luke/Desktop/LD_43/Project/LD43_RealProject/Content/Geometry/Meshes/1M_Cube.uasset" 1
"../../../../../../Users/Luke/Desktop/LD_43/Project/LD43_RealProject/Content/Geometry/Meshes/1M_Cube_Chamfer.uasset" 2
"../../../../../../Users/Luke/Desktop/LD_43/Project/LD43_RealProject/Content/Geometry/Meshes/TemplateFloor.uasset" 3
"../../../../../../Users/Luke/Desktop/LD_43/Project/LD43_RealProject/Content/LD43/GameLevel/Meshs/GameLevel/Materials/Alter_Mat.uasset" 4
"../../../../../../Users/Luke/Desktop/LD_43/Project/LD43_RealProject/Content/LD43/GameLevel/Meshs/GameLevel/Alter.uasset" 5
"../../../../../../Users/Luke/Desktop/LD_43/Project/LD43_RealProject/Content/LD43/GameLevel/Blueprints/Alter.uasset" 6
"../../../../../../Users/Luke/Desktop/LD_43/Project/LD43_RealProject/Content/LD43/GameLevel/Meshs/GameLevel/Materials/Floor_Mat.uasset" 7
"../../../../../../Users/Luke/Desktop/LD_43/Project/LD43_RealProject/Content/LD43/GameLevel/Meshs/GameLevel/Floor.uasset" 8
"../../../../../../Users/Luke/Desktop/LD_43/Project/LD43_RealProject/Content/LD43/GameLevel/Meshs/GameLevel/Materials/Walls_Mat.uasset" 9
"../../../../../../Users/Luke/Desktop/LD_43/Project/LD43_RealProject/Content/LD43/GameLevel/Meshs/GameLevel/Walls.uasset" 10
"../../../../../../Users/Luke/Desktop/LD_43/Project/LD43_RealProject/Content/LD43/GameLevel/Meshs/GameLevel/FullLevel/Painting1_Texture.uasset" 11
"../../../../../../Users/Luke/Desktop/LD_43/Project/LD43_RealProject/Content/LD43/GameLevel/Meshs/GameLevel/FullLevel/Painting2_Texture.uasset" 12
"../../../../../../Users/Luke/Desktop/LD_43/Project/LD43_RealProject/Content/LD43/GameLevel/Meshs/GameLevel/FullLevel/Painting3_Texture.uasset" 13
"../../../../../../Users/Luke/Desktop/LD_43/Project/LD43_RealProject/Content/LD43/GameLevel/Music/MainMenu/SCARY_-_NO_EQ_stems_-_KEYS_C6.uasset" 14
"../../../../../../Users/Luke/Desktop/LD_43/Project/LD43_RealProject/Content/LD43/GameLevel/Music/MainMenu/SCARY_-_NO_EQ_stems_-_KEYS_C6_Cue.uasset" 15
"../../../../../../Users/Luke/Desktop/LD_43/Project/LD43_RealProject/Content/LD43/GameLevel/Music/Old/CHELLO_EDISON_TEST_3.uasset" 16
"../../../../../../Users/Luke/Desktop/LD_43/Project/LD43_RealProject/Content/LD43/GameLevel/Music/Old/CHELLO_EDISON_TEST_3_Cue.uasset" 17
"../../../../../../Users/Luke/Desktop/LD_43/Project/LD43_RealProject/Content/LD43/GameLevel/Music/Old/SCARY_-_NO_EQ_L.uasset" 18
"../../../../../../Users/Luke/Desktop/LD_43/Project/LD43_RealProject/Content/LD43/GameLevel/Music/Old/SCARY_-_NO_EQ_L_Cue.uasset" 19
"../../../../../../Users/Luke/Desktop/LD_43/Project/LD43_RealProject/Content/LD43/GameLevel/Music/Old/SeamlessLoop.uasset" 20
"../../../../../../Users/Luke/Desktop/LD_43/Project/LD43_RealProject/Content/LD43/GameLevel/Music/Old/SeamlessLoop_Cue.uasset" 21
"../../../../../../Users/Luke/Desktop/LD_43/Project/LD43_RealProject/Content/Mannequin/Character/Mesh/UE4_Mannequin_Skeleton.uasset" 22
"../../../../../../Users/Luke/Desktop/LD_43/Project/LD43_RealProject/Content/Mannequin/Animations/ThirdPerson_Jump.uasset" 23
"../../../../../../Users/Luke/Desktop/LD_43/Project/LD43_RealProject/Content/Mannequin/Animations/ThirdPersonJump_Loop.uasset" 24
"../../../../../../Users/Luke/Desktop/LD_43/Project/LD43_RealProject/Content/Mannequin/Animations/ThirdPersonJump_Start.uasset" 25
"../../../../../../Users/Luke/Desktop/LD_43/Project/LD43_RealProject/Content/Mannequin/Animations/ThirdPersonIdle.uasset" 26
"../../../../../../Users/Luke/Desktop/LD_43/Project/LD43_RealProject/Content/Mannequin/Animations/ThirdPersonRun.uasset" 27
"../../../../../../Users/Luke/Desktop/LD_43/Project/LD43_RealProject/Content/Mannequin/Animations/ThirdPersonWalk.uasset" 28
"../../../../../../Users/Luke/Desktop/LD_43/Project/LD43_RealProject/Content/Mannequin/Animations/ThirdPerson_IdleRun_2D.uasset" 29
"../../../Engine/Content/EditorBlueprintResources/StandardMacros.uasset" 30
"../../../../../../Users/Luke/Desktop/LD_43/Project/LD43_RealProject/Content/Mannequin/Animations/ThirdPerson_AnimBP.uasset" 31
"../../../Engine/Content/EditorBlueprintResources/ActorMacros.uasset" 32
"../../../../../../Users/Luke/Desktop/LD_43/Project/LD43_RealProject/Content/LD43/GameLevel/Blueprints/GameLevel_GameState.uasset" 33
"../../../../../../Users/Luke/Desktop/LD_43/Project/LD43_RealProject/Content/LD43/GameLevel/Blueprints/GameLevel_Widget.uasset" 34
"../../../../../../Users/Luke/Desktop/LD_43/Project/LD43_RealProject/Content/LD43/GameLevel/ThirdPersonBP/Blueprints/Sacrafices/AI_Sacrifices_Controller.uasset" 35
"../../../../../../Users/Luke/Desktop/LD_43/Project/LD43_RealProject/Content/LD43/GameLevel/Meshs/CharacterModel/Sacrafices_Texture.uasset" 36
"../../../../../../Users/Luke/Desktop/LD_43/Project/LD43_RealProject/Content/LD43/GameLevel/Meshs/CharacterModel/Sacrafices_Mat.uasset" 37
"../../../../../../Users/Luke/Desktop/LD_43/Project/LD43_RealProject/Content/LD43/GameLevel/Meshs/CharacterModel/CHARACTERTEST_PhysicsAsset.uasset" 38
"../../../../../../Users/Luke/Desktop/LD_43/Project/LD43_RealProject/Content/LD43/GameLevel/Meshs/CharacterModel/CHARACTERTEST.uasset" 39
"../../../../../../Users/Luke/Desktop/LD_43/Project/LD43_RealProject/Content/LD43/GameLevel/ThirdPersonBP/Blueprints/Sacrafices/AI_Sacrifices.uasset" 40
"../../../../../../Users/Luke/Desktop/LD_43/Project/LD43_RealProject/Content/LD43/MainMenu/MenuPic/KOImage_1.uasset" 41
"../../../../../../Users/Luke/Desktop/LD_43/Project/LD43_RealProject/Content/LD43/MainMenu/MenuPic/KOImage_2.uasset" 42
"../../../../../../Users/Luke/Desktop/LD_43/Project/LD43_RealProject/Content/LD43/MainMenu/MenuPic/KOImage_3.uasset" 43
"../../../../../../Users/Luke/Desktop/LD_43/Project/LD43_RealProject/Content/LD43/GameLevel/Blueprints/GameLevel_Widget_Text.uasset" 44
"../../../../../../Users/Luke/Desktop/LD_43/Project/LD43_RealProject/Content/LD43/GameLevel/Blueprints/GameLevel_HuD.uasset" 45
"../../../../../../Users/Luke/Desktop/LD_43/Project/LD43_RealProject/Content/LD43/GameLevel/ThirdPersonBP/Blueprints/ThirdPersonCharacter.uasset" 46
"../../../../../../Users/Luke/Desktop/LD_43/Project/LD43_RealProject/Content/LD43/GameLevel/ThirdPersonBP/Blueprints/ThirdPersonGameMode.uasset" 47
"../../../../../../Users/Luke/Desktop/LD_43/Project/LD43_RealProject/Content/LD43/GameLevel/Blueprints/MyGameInstance.uasset" 48
"../../../../../../Users/Luke/Desktop/LD_43/Project/LD43_RealProject/Content/LD43/MainMenu/MenuPic/pic2.uasset" 49
"../../../../../../Users/Luke/Desktop/LD_43/Project/LD43_RealProject/Content/LD43/MainMenu/MainMenu_Widget.uasset" 50
"../../../../../../Users/Luke/Desktop/LD_43/Project/LD43_RealProject/Content/LD43/MainMenu/MainMenu_HuD.uasset" 51
"../../../../../../Users/Luke/Desktop/LD_43/Project/LD43_RealProject/Content/LD43/MainMenu/MainMenu_PlayerController.uasset" 52
"../../../../../../Users/Luke/Desktop/LD_43/Project/LD43_RealProject/Content/LD43/MainMenu/Menu_Player.uasset" 53
"../../../../../../Users/Luke/Desktop/LD_43/Project/LD43_RealProject/Content/LD43/MainMenu/MainMenu_GameMode.uasset" 54
"../../../../../../Users/Luke/Desktop/LD_43/Project/LD43_RealProject/Content/LD43/MainMenu/MenuPic/Pic1.uasset" 55
"../../../../../../Users/Luke/Desktop/LD_43/Project/LD43_RealProject/Content/LD43/MainMenu/MenuPic/pic3.uasset" 56
"../../../../../../Users/Luke/Desktop/LD_43/Project/LD43_RealProject/Content/Mannequin/Animations/ThirdPersonJump_End.uasset" 57
"../../../Engine/Content/Functions/Engine_MaterialFunctions02/Utility/BlendAngleCorrectedNormals.uasset" 58
"../../../Engine/Content/Functions/MaterialLayerFunctions/MatLayerBlend_NormalBlend.uasset" 59
"../../../Engine/Content/Functions/MaterialLayerFunctions/MatLayerBlend_Simple.uasset" 60
"../../../../../../Users/Luke/Desktop/LD_43/Project/LD43_RealProject/Content/Mannequin/Character/Materials/MaterialLayers/T_ML_Rubber_Blue_01_D.uasset" 61
"../../../../../../Users/Luke/Desktop/LD_43/Project/LD43_RealProject/Content/Mannequin/Character/Materials/MaterialLayers/T_ML_Rubber_Blue_01_N.uasset" 62
"../../../../../../Users/Luke/Desktop/LD_43/Project/LD43_RealProject/Content/Mannequin/Character/Materials/MaterialLayers/ML_GlossyBlack_Latex_UE4.uasset" 63
"../../../../../../Users/Luke/Desktop/LD_43/Project/LD43_RealProject/Content/Mannequin/Character/Materials/MaterialLayers/ML_Plastic_Shiny_Beige.uasset" 64
"../../../../../../Users/Luke/Desktop/LD_43/Project/LD43_RealProject/Content/Mannequin/Character/Textures/UE4_LOGO_CARD.uasset" 65
"../../../../../../Users/Luke/Desktop/LD_43/Project/LD43_RealProject/Content/Mannequin/Character/Materials/MaterialLayers/ML_Plastic_Shiny_Beige_LOGO.uasset" 66
"../../../../../../Users/Luke/Desktop/LD_43/Project/LD43_RealProject/Content/Mannequin/Character/Materials/MaterialLayers/T_ML_Aluminum01.uasset" 67
"../../../../../../Users/Luke/Desktop/LD_43/Project/LD43_RealProject/Content/Mannequin/Character/Materials/MaterialLayers/T_ML_Aluminum01_N.uasset" 68
"../../../../../../Users/Luke/Desktop/LD_43/Project/LD43_RealProject/Content/Mannequin/Character/Materials/MaterialLayers/ML_SoftMetal_UE4.uasset" 69
"../../../../../../Users/Luke/Desktop/LD_43/Project/LD43_RealProject/Content/Mannequin/Character/Textures/UE4_Mannequin__normals.uasset" 70
"../../../../../../Users/Luke/Desktop/LD_43/Project/LD43_RealProject/Content/Mannequin/Character/Textures/UE4_Mannequin_MAT_MASKA.uasset" 71
"../../../../../../Users/Luke/Desktop/LD_43/Project/LD43_RealProject/Content/Mannequin/Character/Materials/M_UE4Man_Body.uasset" 72
"../../../../../../Users/Luke/Desktop/LD_43/Project/LD43_RealProject/Content/Mannequin/Character/Textures/UE4Man_Logo_N.uasset" 73
"../../../../../../Users/Luke/Desktop/LD_43/Project/LD43_RealProject/Content/Mannequin/Character/Materials/M_UE4Man_ChestLogo.uasset" 74
"../../../../../../Users/Luke/Desktop/LD_43/Project/LD43_RealProject/Content/Mannequin/Character/Mesh/SK_Mannequin_PhysicsAsset.uasset" 75
"../../../../../../Users/Luke/Desktop/LD_43/Project/LD43_RealProject/Content/Mannequin/Character/Mesh/SK_Mannequin.uasset" 76
"../../../../../../Users/Luke/Desktop/LD_43/Project/LD43_RealProject/Content/Starter/ThirdPerson/Meshes/RampMaterial.uasset" 77
"../../../../../../Users/Luke/Desktop/LD_43/Project/LD43_RealProject/Content/Starter/ThirdPerson/Meshes/Bump_StaticMesh.uasset" 78
"../../../../../../Users/Luke/Desktop/LD_43/Project/LD43_RealProject/Content/Starter/ThirdPerson/Meshes/LeftArm_StaticMesh.uasset" 79
"../../../../../../Users/Luke/Desktop/LD_43/Project/LD43_RealProject/Content/Starter/ThirdPerson/Meshes/Linear_Stair_StaticMesh.uasset" 80
"../../../../../../Users/Luke/Desktop/LD_43/Project/LD43_RealProject/Content/Starter/ThirdPerson/Meshes/Ramp_StaticMesh.uasset" 81
"../../../../../../Users/Luke/Desktop/LD_43/Project/LD43_RealProject/Content/Starter/ThirdPerson/Meshes/RightArm_StaticMesh.uasset" 82
"../../../Engine/Content/Functions/Engine_MaterialFunctions01/Opacity/CameraDepthFade.uasset" 83
"../../../Engine/Content/EngineMaterials/T_Default_Material_Grid_M.uasset" 84
"../../../Engine/Content/EngineMaterials/T_Default_Material_Grid_N.uasset" 85
"../../../Engine/Content/EngineMaterials/DefaultMaterial.uasset" 86
"../../../Engine/Content/BasicShapes/Cone.uasset" 87
"../../../Engine/Content/EngineMaterials/WorldGridMaterial.uasset" 88
"../../../Engine/Content/BasicShapes/Cube.uasset" 89
"../../../Engine/Content/BasicShapes/Cylinder.uasset" 90
"../../../Engine/Content/BasicShapes/Plane.uasset" 91
"../../../Engine/Content/BasicShapes/Sphere.uasset" 92
"../../../Engine/Content/EditorLandscapeResources/DataLayer.uasset" 93
"../../../Engine/Content/EditorMaterials/GizmoMaterial.uasset" 94
"../../../Engine/Content/EditorMaterials/MAT_Groups_Toggle.uasset" 95
"../../../Engine/Content/EditorMaterials/MAT_Groups_Visibility.uasset" 96
"../../../Engine/Content/EditorMaterials/PreviewShadowIndicator.uasset" 97
"../../../Engine/Content/EditorMaterials/PreviewShadowIndicatorMaterial.uasset" 98
"../../../Engine/Content/EditorMaterials/MatineeGroups/MAT_ColorTrack.uasset" 99
"../../../Engine/Content/EditorMaterials/MatineeGroups/MAT_Groups_Anim.uasset" 100
"../../../Engine/Content/EditorMaterials/MatineeGroups/MAT_Groups_AudioMaster.uasset" 101
"../../../Engine/Content/EditorMaterials/MatineeGroups/MAT_Groups_Director.uasset" 102
"../../../Engine/Content/EditorMaterials/MatineeGroups/MAT_Groups_Event.uasset" 103
"../../../Engine/Content/EditorMaterials/MatineeGroups/MAT_Groups_Fade.uasset" 104
"../../../Engine/Content/EditorMaterials/MatineeGroups/MAT_Groups_Float.uasset" 105
"../../../Engine/Content/EditorMaterials/MatineeGroups/MAT_Groups_Move.uasset" 106
"../../../Engine/Content/EditorMaterials/MatineeGroups/MAT_Groups_Slomo.uasset" 107
"../../../Engine/Content/EditorMaterials/MatineeGroups/MAT_Groups_Sound.uasset" 108
"../../../Engine/Content/EditorMaterials/MatineeGroups/MAT_Groups_Vector.uasset" 109
"../../../Engine/Content/EditorMaterials/ParticleSystems/PSysThumbnail_NoImage.uasset" 110
"../../../Engine/Content/EditorMaterials/ParticleSystems/PSysThumbnail_OOD.uasset" 111
"../../../Engine/Content/EditorMaterials/Camera/CineMat.uasset" 112
"../../../Engine/Content/EditorMaterials/Camera/MI_CineMat_Rig.uasset" 113
"../../../Engine/Content/EditorMeshes/Camera/SM_CraneRig_Arm.uasset" 114
"../../../Engine/Content/EditorMeshes/Camera/SM_CraneRig_Base.uasset" 115
"../../../Engine/Content/EditorMeshes/Camera/SM_CraneRig_Body.uasset" 116
"../../../Engine/Content/EditorMeshes/Camera/SM_CraneRig_Mount.uasset" 117
"../../../Engine/Content/EditorMeshes/Camera/SM_RailRig_Mount.uasset" 118
"../../../Engine/Content/EditorMeshes/Camera/SM_RailRig_Track.uasset" 119
"../../../Engine/Content/EditorMeshes/ColorCalibrator/M_ChromeBall.uasset" 120
"../../../Engine/Content/EditorMeshes/ColorCalibrator/M_ClearCoat.uasset" 121
"../../../Engine/Content/EditorMeshes/ColorCalibrator/M_ClearCoatBlack.uasset" 122
"../../../Engine/Content/EditorMeshes/ColorCalibrator/Color_checker.uasset" 123
"../../../Engine/Content/EditorMeshes/ColorCalibrator/M_ColorGrid.uasset" 124
"../../../Engine/Content/EditorMeshes/ColorCalibrator/M_GreyBall.uasset" 125
"../../../Engine/Content/EditorMeshes/ColorCalibrator/SM_ColorCalibrator.uasset" 126
"../../../Engine/Content/EditorResources/BSPVertex.uasset" 127
"../../../Engine/Content/EditorResources/EmptyActor.uasset" 128
"../../../Engine/Content/EditorResources/S_Actor.uasset" 129
"../../../Engine/Content/EditorResources/S_Trigger.uasset" 130
"../../../Engine/Content/EditorResources/AudioIcons/S_AudioComponent_AutoActivate.uasset" 131
"../../../Engine/Content/EditorResources/LightIcons/S_LightError.uasset" 132
"../../../Engine/Content/EditorResources/SequenceRecorder/Countdown.uasset" 133
"../../../Engine/Content/EditorResources/SequenceRecorder/RecordingIndicator.uasset" 134
"../../../Engine/Content/EditorSounds/Notifications/CompileFailed.uasset" 135
"../../../Engine/Content/EditorSounds/Notifications/CompileFailed_Cue.uasset" 136
"../../../Engine/Content/EditorSounds/Notifications/CompileSuccess.uasset" 137
"../../../Engine/Content/EditorSounds/Notifications/CompileStart_Cue.uasset" 138
"../../../Engine/Content/EditorSounds/Notifications/CompileSuccess_Cue.uasset" 139
"../../../Engine/Content/EngineDamageTypes/DmgTypeBP_Environmental.uasset" 140
"../../../Engine/Content/EngineDebugMaterials/HeatmapGradient.uasset" 141
"../../../Engine/Content/EngineDebugMaterials/BoneWeightMaterial.uasset" 142
"../../../Engine/Content/EngineDebugMaterials/ClothMaterial.uasset" 143
"../../../Engine/Content/EngineDebugMaterials/ClothMaterial_WF.uasset" 144
"../../../Engine/Content/EngineDebugMaterials/DebugEditorMaterial.uasset" 145
"../../../Engine/Content/EngineDebugMaterials/DebugMeshMaterial.uasset" 146
"../../../Engine/Content/EngineDebugMaterials/GeomMaterial.uasset" 147
"../../../Engine/Content/EngineFonts/Faces/RobotoBold.uasset" 148
"../../../Engine/Content/EngineFonts/Faces/RobotoBoldItalic.uasset" 149
"../../../Engine/Content/EngineFonts/Faces/RobotoItalic.uasset" 150
"../../../Engine/Content/EngineFonts/Faces/RobotoLight.uasset" 151
"../../../Engine/Content/EngineFonts/Faces/RobotoRegular.uasset" 152
"../../../Engine/Content/EngineFonts/Roboto.uasset" 153
"../../../Engine/Content/EngineFonts/Faces/RobotoTiny.uasset" 154
"../../../Engine/Content/EngineFonts/RobotoTiny.uasset" 155
"../../../Engine/Content/EngineMaterials/DefaultBloomKernel.uasset" 156
"../../../Engine/Content/EngineMaterials/DefaultBokeh.uasset" 157
"../../../Engine/Content/EngineMaterials/DefaultDiffuse.uasset" 158
"../../../Engine/Content/EngineMaterials/DefaultDeferredDecalMaterial.uasset" 159
"../../../Engine/Content/EngineMaterials/DefaultLightFunctionMaterial.uasset" 160
"../../../Engine/Content/EngineMaterials/DefaultPhysicalMaterial.uasset" 161
"../../../Engine/Content/Functions/Engine_MaterialFunctions02/Utility/BreakOutFloat2Components.uasset" 162
"../../../Engine/Content/EngineMaterials/DefaultPostProcessMaterial.uasset" 163
"../../../Engine/Content/EngineFonts/RobotoDistanceField.uasset" 164
"../../../Engine/Content/EngineMaterials/DefaultTextMaterialOpaque.uasset" 165
"../../../Engine/Content/EngineMaterials/DefaultWhiteGrid.uasset" 166
"../../../Engine/Content/EngineMaterials/EditorBrushMaterial.uasset" 167
"../../../Engine/Content/EngineMaterials/Good64x64TilingNoiseHighFreq.uasset" 168
"../../../Engine/Content/EngineMaterials/MiniFont.uasset" 169
"../../../Engine/Content/EngineMaterials/InvalidLightmapSettings.uasset" 170
"../../../Engine/Content/EngineMaterials/M_InvalidLightmapSettings.uasset" 171
"../../../Engine/Content/Functions/Engine_MaterialFunctions02/WorldPositionOffset/CameraOffset.uasset" 172
"../../../Engine/Content/EngineMaterials/PhAT_JointLimitMaterial.uasset" 173
"../../../Engine/Content/EngineMaterials/PreintegratedSkinBRDF.uasset" 174
"../../../Engine/Content/EngineMaterials/RemoveSurfaceMaterial.uasset" 175
"../../../Engine/Content/EngineMaterials/WeightMapPlaceholderTexture.uasset" 176
"../../../Engine/Content/EngineResources/WhiteSquareTexture.uasset" 177
"../../../Engine/Content/EngineMaterials/Widget3DPassThrough.uasset" 178
"../../../Engine/Content/EngineMaterials/Widget3DPassThrough_Masked.uasset" 179
"../../../Engine/Content/EngineMaterials/Widget3DPassThrough_Opaque.uasset" 180
"../../../Engine/Content/EngineMaterials/Widget3DPassThrough_Masked_OneSided.uasset" 181
"../../../Engine/Content/EngineMaterials/Widget3DPassThrough_Opaque_OneSided.uasset" 182
"../../../Engine/Content/EngineMaterials/Widget3DPassThrough_Translucent.uasset" 183
"../../../Engine/Content/EngineMaterials/Widget3DPassThrough_Translucent_OneSided.uasset" 184
"../../../Engine/Content/EngineMeshes/Cube.uasset" 185
"../../../Engine/Content/EngineMeshes/Cylinder.uasset" 186
"../../../Engine/Content/EngineMeshes/Sphere.uasset" 187
"../../../Engine/Content/EngineResources/Black.uasset" 188
"../../../Engine/Content/EngineResources/DefaultTexture.uasset" 189
"../../../Engine/Content/EngineResources/DefaultTextureCube.uasset" 190
"../../../Engine/Content/EngineResources/GradientTexture0.uasset" 191
"../../../Engine/Content/EngineSounds/Master.uasset" 192
"../../../Engine/Content/Functions/Engine_MaterialFunctions01/Shading/ConvertFromDiffSpec.uasset" 193
"../../../Engine/Content/Functions/Engine_MaterialFunctions01/Shading/PowerToRoughness.uasset" 194
"../../../Engine/Content/Maps/Templates/Thumbnails/Default.uasset" 195
"../../../Engine/Content/Maps/Templates/Thumbnails/VR-Basic.uasset" 196
"../../../Engine/Content/MobileResources/T_MobileControls_texture.uasset" 197
"../../../Engine/Content/MobileResources/T_MobileMenu2.uasset" 198
"../../../Engine/Content/MobileResources/HUD/AnalogHat.uasset" 199
"../../../Engine/Content/MobileResources/HUD/VirtualJoystick_Background.uasset" 200
"../../../Engine/Content/MobileResources/HUD/VirtualJoystick_Thumb.uasset" 201
"../../../Engine/Content/MobileResources/HUD/DefaultVirtualJoysticks.uasset" 202
"../../../Engine/Content/MobileResources/HUD/LeftVirtualJoystickOnly.uasset" 203
"../../../Engine/Content/MobileResources/HUD/MobileHUDButton1_off.uasset" 204
"../../../Engine/Content/MobileResources/HUD/MobileHUDButton1_on.uasset" 205
"../../../Engine/Content/MobileResources/HUD/MobileHUDButton2_off.uasset" 206
"../../../Engine/Content/MobileResources/HUD/MobileHUDButton2_on.uasset" 207
"../../../Engine/Content/MobileResources/HUD/MobileHUDButton3.uasset" 208
"../../../Engine/Content/MobileResources/HUD/MobileHUDButtonFire.uasset" 209
"../../../Engine/Content/MobileResources/HUD/MobileHUDDirectionPad.uasset" 210
"../../../Engine/Content/MobileResources/HUD/MobileHUDDirectionPad2.uasset" 211
"../../../Engine/Content/MobileResources/HUD/MobileHUDDirectionPad3.uasset" 212
"../../../Engine/Content/MobileResources/HUD/MobileHUDDirectionStick.uasset" 213
"../../../Engine/Content/MobileResources/HUD/T_Castle_ThumbstickInner.uasset" 214
"../../../Engine/Content/MobileResources/HUD/T_Castle_ThumbstickOutter.uasset" 215
"../../../Engine/Content/Tutorial/ContentIntroCurve.uasset" 216
"../../../Engine/Content/Tutorial/Basics/TutorialAssets/icon_tab_Levels_40x.uasset" 217
"../../../Engine/Content/Tutorial/BlueprintTutorials/TutorialAssets/BlueprintInterface_64x.uasset" 218
"../../../Engine/Content/Tutorial/BlueprintTutorials/TutorialAssets/BlueprintMacroLibrary_64x.uasset" 219
"../../../Engine/Content/Tutorial/BlueprintTutorials/TutorialAssets/Blueprint_64x.uasset" 220
"../../../Engine/Content/Tutorial/BlueprintTutorials/TutorialAssets/Tutorial_BP_Interface.uasset" 221
"../../../Engine/Content/Tutorial/Foliage/TutorialAssets/Foliage.uasset" 222
"../../../Engine/Content/Tutorial/Landscape/TutorialAssets/Landscape.uasset" 223
"../../../Engine/Content/Tutorial/Paper2D/TutorialAssets/Paper2DFlipbook_TutorialIcon.uasset" 224
"../../../Engine/Content/Tutorial/Paper2D/TutorialAssets/Paper2DSprite_TutorialIcon.uasset" 225
"../../../Engine/Content/Tutorial/SubEditors/TutorialAssets/icon_Editor_Preferences_General_40x.uasset" 226
"../../../Engine/Content/Tutorial/SubEditors/TutorialAssets/icon_ShowSkeletalMeshes_40x.uasset" 227
"../../../Engine/Content/Tutorial/SubEditors/TutorialAssets/TutorialMaterial.uasset" 228
"../../../Engine/Content/Tutorial/SubEditors/TutorialAssets/T_SmokeSubUV_8X8.uasset" 229
"../../../Engine/Content/Tutorial/SubEditors/TutorialAssets/T_soft_smoke.uasset" 230
"../../../Engine/Content/Tutorial/SubEditors/TutorialAssets/M_smoke_subUV_blackbody.uasset" 231
"../../../Engine/Content/Tutorial/SubEditors/TutorialAssets/TutorialParticleSystem.uasset" 232
"../../../Engine/Content/VREditor/Devices/Generic/GenericHMDMaterial.uasset" 233
"../../../Engine/Content/VREditor/Devices/Generic/GenericHMD.uasset" 234
"../../../Engine/Content/Functions/Engine_MaterialFunctions02/Utility/BreakOutFloat3Components.uasset" 235
"../../../Engine/Content/VREditor/Devices/Vive/VivePreController_MasksB.uasset" 236
"../../../Engine/Content/VREditor/Devices/Oculus/OculusControllerMaterial.uasset" 237
"../../../Engine/Content/VREditor/Devices/Oculus/OculusControllerMaterial_Inst.uasset" 238
"../../../Engine/Content/VREditor/Devices/Oculus/OculusControllerMesh.uasset" 239
"../../../Engine/Content/VREditor/Devices/Vive/T_VivePreController_EM.uasset" 240
"../../../Engine/Content/VREditor/Devices/Vive/VivePreController_MasksA.uasset" 241
"../../../Engine/Content/VREditor/Devices/Vive/VivePreControllerDiffuse.uasset" 242
"../../../Engine/Content/VREditor/Devices/Vive/VivePreControllerSpec.uasset" 243
"../../../Engine/Content/VREditor/LaserPointer/VR_LaserPower_01.uasset" 244
"../../../Engine/Content/VREditor/Devices/Vive/VivePreControllerMaterial.uasset" 245
"../../../Engine/Content/VREditor/Devices/Vive/VivePreControllerMaterial_Inst.uasset" 246
"../../../Engine/Content/VREditor/Devices/Vive/VivePreControllerMesh.uasset" 247
"../../../Engine/Content/VREditor/FloatingText/LineMaterial.uasset" 248
"../../../Engine/Content/VREditor/FloatingText/JointSphere.uasset" 249
"../../../Engine/Content/VREditor/FloatingText/LineSegmentCylinder.uasset" 250
"../../../Engine/Content/VREditor/Fonts/VRText_RobotoLarge.uasset" 251
"../../../Engine/Content/VREditor/Fonts/VRTextMaterial.uasset" 252
"../../../Engine/Content/VREditor/Fonts/TranslucentVRTextMaterial.uasset" 253
"../../../Engine/Content/VREditor/LaserPointer/CursorPointer.uasset" 254
"../../../Engine/Content/VREditor/TransformGizmo/TransformGizmoMaterial.uasset" 255
"../../../Engine/Content/VREditor/LaserPointer/HoverMaterial.uasset" 256
"../../../Engine/Content/VREditor/TransformGizmo/TranslucentTransformGizmoMaterial.uasset" 257
"../../../Engine/Content/VREditor/LaserPointer/TranslucentHoverMaterial.uasset" 258
"../../../Engine/Content/VREditor/LaserPointer/HoverMesh.uasset" 259
"../../../Engine/Content/VREditor/LaserPointer/LaserPointerMaterial.uasset" 260
"../../../Engine/Content/VREditor/LaserPointer/LaserPointerMaterialInst.uasset" 261
"../../../Engine/Content/VREditor/LaserPointer/TranslucentLaserPointerMaterialInst.uasset" 262
"../../../Engine/Content/VREditor/LaserPointer/LaserPointerMesh.uasset" 263
"../../../Engine/Content/VREditor/LaserPointer/LaserPointerMesh_End.uasset" 264
"../../../Engine/Content/VREditor/LaserPointer/LaserPointerMesh_Start.uasset" 265
"../../../Engine/Content/VREditor/Sounds/VR_teleport.uasset" 266
"../../../Engine/Content/VREditor/Sounds/UI/Click_on_Button.uasset" 267
"../../../Engine/Content/VREditor/Sounds/UI/Click_on_Button_Cue.uasset" 268
"../../../Engine/Content/VREditor/Sounds/UI/Dockable_Window_Close.uasset" 269
"../../../Engine/Content/VREditor/Sounds/UI/Dockable_Window_Drop.uasset" 270
"../../../Engine/Content/VREditor/Sounds/UI/Dockable_Window_Open.uasset" 271
"../../../Engine/Content/VREditor/Sounds/UI/Dockable_Window_Pick_Up.uasset" 272
"../../../Engine/Content/VREditor/Sounds/UI/Drop_Item_From_ContentBrowser.uasset" 273
"../../../Engine/Content/VREditor/Sounds/UI/Floating_UI_Open-001.uasset" 274
"../../../Engine/Content/VREditor/Sounds/UI/Radial_Menu_FadeOut.uasset" 275
"../../../Engine/Content/VREditor/Sounds/UI/Teleport_Mode_Entered.uasset" 276
"../../../Engine/Content/VREditor/Teleport/TeleportDirectionMaterial.uasset" 277
"../../../Engine/Content/VREditor/Teleport/TeleportDirectionMaterial_Inst.uasset" 278
"../../../Engine/Content/VREditor/Teleport/TeleportDirectionMesh.uasset" 279
"../../../Engine/Content/VREditor/TransformGizmo/BoundingBoxCorner.uasset" 280
"../../../Engine/Content/VREditor/TransformGizmo/BoundingBoxEdge.uasset" 281
"../../../Engine/Content/VREditor/TransformGizmo/PlaneTranslationHandle.uasset" 282
"../../../Engine/Content/VREditor/TransformGizmo/Main.uasset" 283
"../../../Engine/Content/VREditor/TransformGizmo/Xray.uasset" 284
"../../../Engine/Content/VREditor/TransformGizmo/SM_Dialog_Close.uasset" 285
"../../../Engine/Content/VREditor/TransformGizmo/SM_Dialog_Move.uasset" 286
"../../../Engine/Content/VREditor/TransformGizmo/SM_Sequencer_Key.uasset" 287
"../../../Engine/Content/VREditor/TransformGizmo/SM_Sequencer_Node.uasset" 288
"../../../Engine/Content/VREditor/TransformGizmo/TransformGizmoMaterial_Inst.uasset" 289
"../../../Engine/Content/VREditor/TransformGizmo/TranslucentTransformGizmoMaterial_Inst.uasset" 290
"../../../Engine/Content/VREditor/Devices/Vive/UE4_Logo.uasset" 291
"../../../Engine/Content/VREditor/UI/M_ContentWindow.uasset" 292
"../../../Engine/Content/VREditor/UI/SM_ContentWindow_01.uasset" 293
"../../../Engine/Content/VREditor/UI/KeyDiskMaterial.uasset" 294
"../../../Engine/Content/VREditor/UI/DiscMaterial.uasset" 295
"../../../Engine/Content/VREditor/UI/SM_Radial_Disk.uasset" 296
"../../../Engine/Content/VREditor/UI/ArrowMaterial.uasset" 297
"../../../Engine/Content/VREditor/UI/SM_Radial_Pointer.uasset" 298
"../../../Engine/Content/Functions/Engine_MaterialFunctions01/Gradient/RadialGradient.uasset" 299
"../../../Engine/Content/VREditor/WorldMovementGrid/SimpleGrid.uasset" 300
"../../../Engine/Content/VREditor/WorldMovementGrid/GridMaterial.uasset" 301
"../../../Engine/Content/Functions/Engine_MaterialFunctions01/Density/ExponentialDensity.uasset" 302
"../../../Engine/Content/VREditor/WorldMovementGrid/GridPostProcess.uasset" 303
"../../../Engine/Content/EditorLandscapeResources/FlattenHeightMat.uasset" 304
"../../../Engine/Content/VREditor/WorldMovementGrid/PlaneMesh.uasset" 305
"../../Plugins/2D/Paper2D/Content/PlaceholderTextures/DummySpriteTexture.uasset" 306
"../../Plugins/2D/Paper2D/Content/DummySprite.uasset" 307
"../../Plugins/2D/Paper2D/Content/DefaultPaperTerrainMaterial.uasset" 308
"../../Plugins/2D/Paper2D/Content/DefaultSpriteMaterial.uasset" 309
"../../Plugins/2D/Paper2D/Content/MaskedUnlitSpriteMaterial.uasset" 310
"../../Plugins/2D/Paper2D/Content/OpaqueUnlitSpriteMaterial.uasset" 311
"../../Plugins/Media/MediaCompositing/Content/DefaultMediaPlaneTexture.uasset" 312
"../../Plugins/Media/MediaCompositing/Content/DefaultMediaPlaneMaterial.uasset" 313
"../../../Engine/Content/Functions/Engine_MaterialFunctions02/Utility/MakeFloat4.uasset" 314
"../../Plugins/Runtime/AppleARKit/Content/ARKitCameraMaterial.uasset" 315
"../../Plugins/Runtime/Oculus/OculusVR/Content/Textures/GearVRController_AO.uasset" 316
"../../Plugins/Runtime/Oculus/OculusVR/Content/Textures/GearVRController_Color.uasset" 317
"../../Plugins/Runtime/Oculus/OculusVR/Content/Textures/GearVRController_Normal.uasset" 318
"../../Plugins/Runtime/Oculus/OculusVR/Content/Materials/GearVRControllerMaterial.uasset" 319
"../../Plugins/Runtime/Oculus/OculusVR/Content/Meshes/GearVrController.uasset" 320
"../../../../../../Users/Luke/Desktop/LD_43/Project/LD43_RealProject/Content/LD43/GameLevel/ThirdPersonBP/Blueprints/Enemy/AI_Enemy_Blackboard.uasset" 321
"../../../../../../Users/Luke/Desktop/LD_43/Project/LD43_RealProject/Content/LD43/GameLevel/ThirdPersonBP/Blueprints/Enemy/FindRandomLocaiton.uasset" 322
"../../../../../../Users/Luke/Desktop/LD_43/Project/LD43_RealProject/Content/LD43/GameLevel/ThirdPersonBP/Blueprints/Enemy/GetPlayerReference.uasset" 323
"../../../../../../Users/Luke/Desktop/LD_43/Project/LD43_RealProject/Content/LD43/GameLevel/ThirdPersonBP/Blueprints/Enemy/MoveToLastSeenPlayer.uasset" 324
"../../../../../../Users/Luke/Desktop/LD_43/Project/LD43_RealProject/Content/LD43/GameLevel/ThirdPersonBP/Blueprints/Enemy/AI_Enemy_BT.uasset" 325
"../../../../../../Users/Luke/Desktop/LD_43/Project/LD43_RealProject/Content/LD43/GameLevel/ThirdPersonBP/Blueprints/Enemy/AI_Enemy_Controller.uasset" 326
"../../../../../../Users/Luke/Desktop/LD_43/Project/LD43_RealProject/Content/LD43/GameLevel/Meshs/CharacterModel/Enemy_Texture.uasset" 327
"../../../../../../Users/Luke/Desktop/LD_43/Project/LD43_RealProject/Content/LD43/GameLevel/Meshs/CharacterModel/Enemy_Mat.uasset" 328
"../../../../../../Users/Luke/Desktop/LD_43/Project/LD43_RealProject/Content/LD43/GameLevel/Meshs/GameLevel/WarningAboveHead_Mat.uasset" 329
"../../../../../../Users/Luke/Desktop/LD_43/Project/LD43_RealProject/Content/LD43/GameLevel/Meshs/GameLevel/WarningAboveHead.uasset" 330
"../../../../../../Users/Luke/Desktop/LD_43/Project/LD43_RealProject/Content/LD43/GameLevel/ThirdPersonBP/Blueprints/Enemy/AI_Enemy.uasset" 331
"../../../../../../Users/Luke/Desktop/LD_43/Project/LD43_RealProject/Content/LD43/GameLevel/Music/EnemyChase.uasset" 332
"../../../../../../Users/Luke/Desktop/LD_43/Project/LD43_RealProject/Content/LD43/GameLevel/Music/ExploreBacking.uasset" 333
"../../../../../../Users/Luke/Desktop/LD_43/Project/LD43_RealProject/Content/LD43/GameLevel/Music/BackGround_Music.uasset" 334
"../../../../../../Users/Luke/Desktop/LD_43/Project/LD43_RealProject/Content/LD43/GameLevel/Blueprints/GameLevel_PlayerController.uasset" 335
"../../../../../../Users/Luke/Desktop/LD_43/Project/LD43_RealProject/Content/LD43/GameLevel/Blueprints/MyPlayerState.uasset" 336
"../../../../../../Users/Luke/Desktop/LD_43/Project/LD43_RealProject/Content/LD43/GameLevel/Blueprints/MySpectatorPawn.uasset" 337
"../../../../../../Users/Luke/Desktop/LD_43/Project/LD43_RealProject/Content/LD43/GameLevel/Blueprints/GameLevel_GameMode.uasset" 338
"../../../../../../Users/Luke/Desktop/LD_43/Project/LD43_RealProject/Content/LD43/Maps/GameLevel_BuiltData.uasset" 339
"../../../../../../Users/Luke/Desktop/LD_43/Project/LD43_RealProject/Content/LD43/GameLevel/Meshs/GameLevel/FullLevel/Couldron_Texture.uasset" 340
"../../../../../../Users/Luke/Desktop/LD_43/Project/LD43_RealProject/Content/LD43/GameLevel/Meshs/GameLevel/FullLevel/Couldron_Mat.uasset" 341
"../../../../../../Users/Luke/Desktop/LD_43/Project/LD43_RealProject/Content/LD43/GameLevel/Meshs/GameLevel/FullLevel/FullLevel_Alter_001.uasset" 342
"../../../../../../Users/Luke/Desktop/LD_43/Project/LD43_RealProject/Content/LD43/GameLevel/Meshs/GameLevel/FullLevel/Table_Texture.uasset" 343
"../../../../../../Users/Luke/Desktop/LD_43/Project/LD43_RealProject/Content/LD43/GameLevel/Meshs/GameLevel/FullLevel/Table_Mat.uasset" 344
"../../../../../../Users/Luke/Desktop/LD_43/Project/LD43_RealProject/Content/LD43/GameLevel/Meshs/GameLevel/FullLevel/FullLevel_Circle_002.uasset" 345
"../../../../../../Users/Luke/Desktop/LD_43/Project/LD43_RealProject/Content/LD43/GameLevel/Meshs/GameLevel/FullLevel/Coloum_Texture.uasset" 346
"../../../../../../Users/Luke/Desktop/LD_43/Project/LD43_RealProject/Content/LD43/GameLevel/Meshs/GameLevel/FullLevel/Colom_Mat.uasset" 347
"../../../../../../Users/Luke/Desktop/LD_43/Project/LD43_RealProject/Content/LD43/GameLevel/Meshs/GameLevel/FullLevel/FullLevel_Cube.uasset" 348
"../../../../../../Users/Luke/Desktop/LD_43/Project/LD43_RealProject/Content/LD43/GameLevel/Meshs/GameLevel/FullLevel/Windows_Texture.uasset" 349
"../../../../../../Users/Luke/Desktop/LD_43/Project/LD43_RealProject/Content/LD43/GameLevel/Meshs/GameLevel/FullLevel/Windows_Mat.uasset" 350
"../../../../../../Users/Luke/Desktop/LD_43/Project/LD43_RealProject/Content/LD43/GameLevel/Meshs/GameLevel/FullLevel/FullLevel_Cube_003.uasset" 351
"../../../../../../Users/Luke/Desktop/LD_43/Project/LD43_RealProject/Content/LD43/GameLevel/Meshs/GameLevel/FullLevel/FullLevel_Cube_004.uasset" 352
"../../../../../../Users/Luke/Desktop/LD_43/Project/LD43_RealProject/Content/LD43/GameLevel/Meshs/GameLevel/FullLevel/FullLevel_Cube_005.uasset" 353
"../../../../../../Users/Luke/Desktop/LD_43/Project/LD43_RealProject/Content/LD43/GameLevel/Meshs/GameLevel/FullLevel/FullLevel_Cube_006.uasset" 354
"../../../../../../Users/Luke/Desktop/LD_43/Project/LD43_RealProject/Content/LD43/GameLevel/Meshs/GameLevel/FullLevel/FullLevel_Cube_007.uasset" 355
"../../../../../../Users/Luke/Desktop/LD_43/Project/LD43_RealProject/Content/LD43/GameLevel/Meshs/GameLevel/FullLevel/FullLevel_Cube_008.uasset" 356
"../../../../../../Users/Luke/Desktop/LD_43/Project/LD43_RealProject/Content/LD43/GameLevel/Meshs/GameLevel/FullLevel/FullLevel_Cube_009.uasset" 357
"../../../../../../Users/Luke/Desktop/LD_43/Project/LD43_RealProject/Content/LD43/GameLevel/Meshs/GameLevel/FullLevel/FullLevel_Cube_010.uasset" 358
"../../../../../../Users/Luke/Desktop/LD_43/Project/LD43_RealProject/Content/LD43/GameLevel/Meshs/GameLevel/FullLevel/Wardrobe_texture.uasset" 359
"../../../../../../Users/Luke/Desktop/LD_43/Project/LD43_RealProject/Content/LD43/GameLevel/Meshs/GameLevel/FullLevel/Wardrobe_Mat.uasset" 360
"../../../../../../Users/Luke/Desktop/LD_43/Project/LD43_RealProject/Content/LD43/GameLevel/Meshs/GameLevel/FullLevel/FullLevel_Cube_011.uasset" 361
"../../../../../../Users/Luke/Desktop/LD_43/Project/LD43_RealProject/Content/LD43/GameLevel/Meshs/GameLevel/FullLevel/FullLevel_Cube_012.uasset" 362
"../../../../../../Users/Luke/Desktop/LD_43/Project/LD43_RealProject/Content/LD43/GameLevel/Meshs/GameLevel/FullLevel/FullLevel_Cube_013.uasset" 363
"../../../../../../Users/Luke/Desktop/LD_43/Project/LD43_RealProject/Content/LD43/GameLevel/Meshs/GameLevel/FullLevel/FullLevel_Cube_014.uasset" 364
"../../../../../../Users/Luke/Desktop/LD_43/Project/LD43_RealProject/Content/LD43/GameLevel/Meshs/GameLevel/FullLevel/FullLevel_Cube_015.uasset" 365
"../../../../../../Users/Luke/Desktop/LD_43/Project/LD43_RealProject/Content/LD43/GameLevel/Meshs/GameLevel/FullLevel/FullLevel_Cube_016.uasset" 366
"../../../../../../Users/Luke/Desktop/LD_43/Project/LD43_RealProject/Content/LD43/GameLevel/Meshs/GameLevel/FullLevel/FullLevel_Cube_017.uasset" 367
"../../../../../../Users/Luke/Desktop/LD_43/Project/LD43_RealProject/Content/LD43/GameLevel/Meshs/GameLevel/FullLevel/FullLevel_Cube_018.uasset" 368
"../../../../../../Users/Luke/Desktop/LD_43/Project/LD43_RealProject/Content/LD43/GameLevel/Meshs/GameLevel/FullLevel/FullLevel_Cube_019.uasset" 369
"../../../../../../Users/Luke/Desktop/LD_43/Project/LD43_RealProject/Content/LD43/GameLevel/Meshs/GameLevel/FullLevel/FullLevel_Cube_020.uasset" 370
"../../../../../../Users/Luke/Desktop/LD_43/Project/LD43_RealProject/Content/LD43/GameLevel/Meshs/GameLevel/FullLevel/FullLevel_Cube_021.uasset" 371
"../../../../../../Users/Luke/Desktop/LD_43/Project/LD43_RealProject/Content/LD43/GameLevel/Meshs/GameLevel/FullLevel/Torch_Texture.uasset" 372
"../../../../../../Users/Luke/Desktop/LD_43/Project/LD43_RealProject/Content/LD43/GameLevel/Meshs/GameLevel/FullLevel/Torch_Mat.uasset" 373
"../../../../../../Users/Luke/Desktop/LD_43/Project/LD43_RealProject/Content/LD43/GameLevel/Meshs/GameLevel/FullLevel/FullLevel_Cube_022.uasset" 374
"../../../../../../Users/Luke/Desktop/LD_43/Project/LD43_RealProject/Content/LD43/GameLevel/Meshs/GameLevel/FullLevel/FullLevel_Cube_023.uasset" 375
"../../../../../../Users/Luke/Desktop/LD_43/Project/LD43_RealProject/Content/LD43/GameLevel/Meshs/GameLevel/FullLevel/FullLevel_Cube_024.uasset" 376
"../../../../../../Users/Luke/Desktop/LD_43/Project/LD43_RealProject/Content/LD43/GameLevel/Meshs/GameLevel/FullLevel/FullLevel_Cube_025.uasset" 377
"../../../../../../Users/Luke/Desktop/LD_43/Project/LD43_RealProject/Content/LD43/GameLevel/Meshs/GameLevel/FullLevel/Chair_Texture.uasset" 378
"../../../../../../Users/Luke/Desktop/LD_43/Project/LD43_RealProject/Content/LD43/GameLevel/Meshs/GameLevel/FullLevel/Chair_Mat.uasset" 379
"../../../../../../Users/Luke/Desktop/LD_43/Project/LD43_RealProject/Content/LD43/GameLevel/Meshs/GameLevel/FullLevel/FullLevel_Cube_026.uasset" 380
"../../../../../../Users/Luke/Desktop/LD_43/Project/LD43_RealProject/Content/LD43/GameLevel/Meshs/GameLevel/FullLevel/FullLevel_Cube_027.uasset" 381
"../../../../../../Users/Luke/Desktop/LD_43/Project/LD43_RealProject/Content/LD43/GameLevel/Meshs/GameLevel/FullLevel/FullLevel_Cube_028.uasset" 382
"../../../../../../Users/Luke/Desktop/LD_43/Project/LD43_RealProject/Content/LD43/GameLevel/Meshs/GameLevel/FullLevel/FullLevel_Cube_029.uasset" 383
"../../../../../../Users/Luke/Desktop/LD_43/Project/LD43_RealProject/Content/LD43/GameLevel/Meshs/GameLevel/FullLevel/FullLevel_Cube_030.uasset" 384
"../../../../../../Users/Luke/Desktop/LD_43/Project/LD43_RealProject/Content/LD43/GameLevel/Meshs/GameLevel/FullLevel/FullLevel_Cube_031.uasset" 385
"../../../../../../Users/Luke/Desktop/LD_43/Project/LD43_RealProject/Content/LD43/GameLevel/Meshs/GameLevel/FullLevel/Door_Texture.uasset" 386
"../../../../../../Users/Luke/Desktop/LD_43/Project/LD43_RealProject/Content/LD43/GameLevel/Meshs/GameLevel/FullLevel/Door_Mat.uasset" 387
"../../../../../../Users/Luke/Desktop/LD_43/Project/LD43_RealProject/Content/LD43/GameLevel/Meshs/GameLevel/FullLevel/FullLevel_Cube_032.uasset" 388
"../../../../../../Users/Luke/Desktop/LD_43/Project/LD43_RealProject/Content/LD43/GameLevel/Meshs/GameLevel/FullLevel/FullLevel_Cube_033.uasset" 389
"../../../../../../Users/Luke/Desktop/LD_43/Project/LD43_RealProject/Content/LD43/GameLevel/Meshs/GameLevel/FullLevel/FullLevel_Cube_034.uasset" 390
"../../../../../../Users/Luke/Desktop/LD_43/Project/LD43_RealProject/Content/LD43/GameLevel/Meshs/GameLevel/FullLevel/FullLevel_Cube_035.uasset" 391
"../../../../../../Users/Luke/Desktop/LD_43/Project/LD43_RealProject/Content/LD43/GameLevel/Meshs/GameLevel/FullLevel/FullLevel_Cube_036.uasset" 392
"../../../../../../Users/Luke/Desktop/LD_43/Project/LD43_RealProject/Content/LD43/GameLevel/Meshs/GameLevel/FullLevel/SmallWardrobe_Texture.uasset" 393
"../../../../../../Users/Luke/Desktop/LD_43/Project/LD43_RealProject/Content/LD43/GameLevel/Meshs/GameLevel/FullLevel/SmallWardrobe_Mat.uasset" 394
"../../../../../../Users/Luke/Desktop/LD_43/Project/LD43_RealProject/Content/LD43/GameLevel/Meshs/GameLevel/FullLevel/FullLevel_Cube_037.uasset" 395
"../../../../../../Users/Luke/Desktop/LD_43/Project/LD43_RealProject/Content/LD43/GameLevel/Meshs/GameLevel/FullLevel/FullLevel_Cube_038.uasset" 396
"../../../../../../Users/Luke/Desktop/LD_43/Project/LD43_RealProject/Content/LD43/GameLevel/Meshs/GameLevel/FullLevel/FullLevel_Cube_039.uasset" 397
"../../../../../../Users/Luke/Desktop/LD_43/Project/LD43_RealProject/Content/LD43/GameLevel/Meshs/GameLevel/FullLevel/FullLevel_Cube_040.uasset" 398
"../../../../../../Users/Luke/Desktop/LD_43/Project/LD43_RealProject/Content/LD43/GameLevel/Meshs/GameLevel/FullLevel/FullLevel_Cube_041.uasset" 399
"../../../../../../Users/Luke/Desktop/LD_43/Project/LD43_RealProject/Content/LD43/GameLevel/Meshs/GameLevel/FullLevel/FullLevel_Cube_043.uasset" 400
"../../../../../../Users/Luke/Desktop/LD_43/Project/LD43_RealProject/Content/LD43/GameLevel/Meshs/GameLevel/FullLevel/FullLevel_Cube_045.uasset" 401
"../../../../../../Users/Luke/Desktop/LD_43/Project/LD43_RealProject/Content/LD43/GameLevel/Meshs/GameLevel/FullLevel/FullLevel_Cube_046.uasset" 402
"../../../../../../Users/Luke/Desktop/LD_43/Project/LD43_RealProject/Content/LD43/GameLevel/Meshs/GameLevel/FullLevel/FullLevel_Cube_048.uasset" 403
"../../../../../../Users/Luke/Desktop/LD_43/Project/LD43_RealProject/Content/LD43/GameLevel/Meshs/GameLevel/FullLevel/Sink_Texture.uasset" 404
"../../../../../../Users/Luke/Desktop/LD_43/Project/LD43_RealProject/Content/LD43/GameLevel/Meshs/GameLevel/FullLevel/Sink_Mat.uasset" 405
"../../../../../../Users/Luke/Desktop/LD_43/Project/LD43_RealProject/Content/LD43/GameLevel/Meshs/GameLevel/FullLevel/FullLevel_Cube_053.uasset" 406
"../../../../../../Users/Luke/Desktop/LD_43/Project/LD43_RealProject/Content/LD43/GameLevel/Meshs/GameLevel/FullLevel/FullLevel_Cube_057.uasset" 407
"../../../../../../Users/Luke/Desktop/LD_43/Project/LD43_RealProject/Content/LD43/GameLevel/Meshs/GameLevel/FullLevel/Alter_Texture.uasset" 408
"../../../../../../Users/Luke/Desktop/LD_43/Project/LD43_RealProject/Content/LD43/GameLevel/Meshs/GameLevel/FullLevel/Alter_Mat.uasset" 409
"../../../../../../Users/Luke/Desktop/LD_43/Project/LD43_RealProject/Content/LD43/GameLevel/Meshs/GameLevel/FullLevel/FullLevel_Cube_060.uasset" 410
"../../../../../../Users/Luke/Desktop/LD_43/Project/LD43_RealProject/Content/LD43/GameLevel/Meshs/GameLevel/FullLevel/Book_Texture.uasset" 411
"../../../../../../Users/Luke/Desktop/LD_43/Project/LD43_RealProject/Content/LD43/GameLevel/Meshs/GameLevel/FullLevel/Book_Mat.uasset" 412
"../../../../../../Users/Luke/Desktop/LD_43/Project/LD43_RealProject/Content/LD43/GameLevel/Meshs/GameLevel/FullLevel/FullLevel_Cube_063.uasset" 413
"../../../../../../Users/Luke/Desktop/LD_43/Project/LD43_RealProject/Content/LD43/GameLevel/Meshs/GameLevel/FullLevel/FullLevel_Cube_065.uasset" 414
"../../../../../../Users/Luke/Desktop/LD_43/Project/LD43_RealProject/Content/LD43/GameLevel/Meshs/GameLevel/FullLevel/FirePlace_Texture.uasset" 415
"../../../../../../Users/Luke/Desktop/LD_43/Project/LD43_RealProject/Content/LD43/GameLevel/Meshs/GameLevel/FullLevel/Fireplace_Mat.uasset" 416
"../../../../../../Users/Luke/Desktop/LD_43/Project/LD43_RealProject/Content/LD43/GameLevel/Meshs/GameLevel/FullLevel/FullLevel_Cylinder.uasset" 417
"../../../../../../Users/Luke/Desktop/LD_43/Project/LD43_RealProject/Content/LD43/GameLevel/Meshs/GameLevel/FullLevel/Floor_Texture.uasset" 418
"../../../../../../Users/Luke/Desktop/LD_43/Project/LD43_RealProject/Content/LD43/GameLevel/Meshs/GameLevel/FullLevel/Floor_Mat.uasset" 419
"../../../../../../Users/Luke/Desktop/LD_43/Project/LD43_RealProject/Content/LD43/GameLevel/Meshs/GameLevel/FullLevel/FullLevel_Floor.uasset" 420
"../../../../../../Users/Luke/Desktop/LD_43/Project/LD43_RealProject/Content/LD43/GameLevel/Meshs/GameLevel/FullLevel/Walls_Texture.uasset" 421
"../../../../../../Users/Luke/Desktop/LD_43/Project/LD43_RealProject/Content/LD43/GameLevel/Meshs/GameLevel/FullLevel/Walls_Mat.uasset" 422
"../../../../../../Users/Luke/Desktop/LD_43/Project/LD43_RealProject/Content/LD43/GameLevel/Meshs/GameLevel/FullLevel/FullLevel_Walls.uasset" 423
"../../../../../../Users/Luke/Desktop/LD_43/Project/LD43_RealProject/Content/LD43/GameLevel/Meshs/GameLevel/FullLevel/DoorWay_Texture.uasset" 424
"../../../../../../Users/Luke/Desktop/LD_43/Project/LD43_RealProject/Content/LD43/GameLevel/Meshs/GameLevel/FullLevel/Doorway_Mat.uasset" 425
"../../../../../../Users/Luke/Desktop/LD_43/Project/LD43_RealProject/Content/LD43/GameLevel/Meshs/GameLevel/FullLevel/FullLevel_Walls_001.uasset" 426
"../../../../../../Users/Luke/Desktop/LD_43/Project/LD43_RealProject/Content/LD43/GameLevel/Meshs/GameLevel/FullLevel/FullLevel_Walls_002.uasset" 427
"../../../../../../Users/Luke/Desktop/LD_43/Project/LD43_RealProject/Content/LD43/GameLevel/Meshs/GameLevel/FullLevel/FullLevel_Walls_003.uasset" 428
"../../../../../../Users/Luke/Desktop/LD_43/Project/LD43_RealProject/Content/LD43/GameLevel/Meshs/GameLevel/FullLevel/FullLevel_Walls_004.uasset" 429
"../../../../../../Users/Luke/Desktop/LD_43/Project/LD43_RealProject/Content/LD43/GameLevel/Meshs/GameLevel/FullLevel/Painting2_1_Texture.uasset" 430
"../../../../../../Users/Luke/Desktop/LD_43/Project/LD43_RealProject/Content/LD43/GameLevel/Meshs/GameLevel/FullLevel/Painting2_Mat.uasset" 431
"../../../../../../Users/Luke/Desktop/LD_43/Project/LD43_RealProject/Content/LD43/GameLevel/Meshs/GameLevel/FullLevel/FullLevel_Walls_005.uasset" 432
"../../../../../../Users/Luke/Desktop/LD_43/Project/LD43_RealProject/Content/LD43/GameLevel/Meshs/GameLevel/FullLevel/Painting3_1_Texture.uasset" 433
"../../../../../../Users/Luke/Desktop/LD_43/Project/LD43_RealProject/Content/LD43/GameLevel/Meshs/GameLevel/FullLevel/Painting3_Mat.uasset" 434
"../../../../../../Users/Luke/Desktop/LD_43/Project/LD43_RealProject/Content/LD43/GameLevel/Meshs/GameLevel/FullLevel/FullLevel_Walls_006.uasset" 435
"../../../../../../Users/Luke/Desktop/LD_43/Project/LD43_RealProject/Content/LD43/GameLevel/Meshs/GameLevel/FullLevel/Painting1_1_Texture.uasset" 436
"../../../../../../Users/Luke/Desktop/LD_43/Project/LD43_RealProject/Content/LD43/GameLevel/Meshs/GameLevel/FullLevel/Painting1_Mat.uasset" 437
"../../../../../../Users/Luke/Desktop/LD_43/Project/LD43_RealProject/Content/LD43/GameLevel/Meshs/GameLevel/FullLevel/FullLevel_Walls_007.uasset" 438
"../../../../../../Users/Luke/Desktop/LD_43/Project/LD43_RealProject/Content/LD43/PArticles/Fire/FlameMat.uasset" 439
"../../../../../../Users/Luke/Desktop/LD_43/Project/LD43_RealProject/Content/LD43/PArticles/Fire/Flame_Particle.uasset" 440
"../../../../../../Users/Luke/Desktop/LD_43/Project/LD43_RealProject/Content/LD43/PArticles/Fire/Fire_ParticleSystem.uasset" 441
"../../../../../../Users/Luke/Desktop/LD_43/Project/LD43_RealProject/Content/LD43/PArticles/Fire/FirePot_ParticleSystem.uasset" 442
"../../../../../../Users/Luke/Desktop/LD_43/Project/LD43_RealProject/Content/LD43/Maps/GameLevel.umap" 443
"../../../../../../Users/Luke/Desktop/LD_43/Project/LD43_RealProject/Content/LD43/Maps/MainMenu.umap" 444
"../../../Engine/Content/Maps/Entry.umap" 445
